2564-03-22 22:18:06,266 [INFO] Activator:170 - 


2564-03-22 22:18:06,268 [INFO] Activator:171 - !SESSION log4j initialized
2564-03-22 22:18:36,266 [INFO] McuFinderGlobals:39 - Set McuFinder mode to 2 (CubeIDE integrated)
2564-03-22 22:18:36,790 [INFO] ApplicationProperties:181 - Using Application install path: C:\ST\STM32CubeIDE_1.6.0\STM32CubeIDE\plugins\com.st.stm32cube.common.mx_6.2.0.202102191602
2564-03-22 22:18:36,807 [INFO] DbMcusXml:74 - Set database path to: C:\ST\STM32CubeIDE_1.6.0\STM32CubeIDE\plugins\com.st.stm32cube.common.mx_6.2.0.202102191602\\db\/mcu/
2564-03-22 22:18:36,812 [INFO] DbBoardsPdsc:56 - Set plugin database path to: C:\ST\STM32CubeIDE_1.6.0\STM32CubeIDE\plugins\com.st.stm32cube.common.mx_6.2.0.202102191602\\db\/plugins/boardmanager/
2564-03-22 22:18:36,813 [INFO] DbMcus:258 - Set plugin images path to: C:\ST\STM32CubeIDE_1.6.0\STM32CubeIDE\plugins\com.st.stm32cube.common.mx_6.2.0.202102191602\\db\/plugins/mcufinder/images/
2564-03-22 22:18:36,814 [INFO] DbBoards:264 - Set plugin images path to: C:\ST\STM32CubeIDE_1.6.0\STM32CubeIDE\plugins\com.st.stm32cube.common.mx_6.2.0.202102191602\\db\/plugins/mcufinder/images/
2564-03-22 22:18:36,817 [INFO] DbExamples:333 - Set plugin images path to: C:\ST\STM32CubeIDE_1.6.0\STM32CubeIDE\plugins\com.st.stm32cube.common.mx_6.2.0.202102191602\\db\/plugins/mcufinder/images/
2564-03-22 22:18:36,846 [INFO] DbMcusAds:85 - Set database path to: C:\Users\PC\.stmcufinder\plugins\mcufinder//mcu/
2564-03-22 22:18:36,847 [INFO] DbMcusDocs:110 - Set database path to: C:\Users\PC\.stmcufinder\plugins\mcufinder//mcu/
2564-03-22 22:18:36,850 [INFO] DbMcusJson:65 - Set database path to: C:\Users\PC\.stmcufinder\plugins\mcufinder//mcu/
2564-03-22 22:18:36,851 [INFO] DbBoardsDocs:110 - Set database path to: C:\Users\PC\.stmcufinder\plugins\mcufinder//mcu/
2564-03-22 22:18:36,853 [INFO] DbBoardsJson:58 - Set database path to: C:\Users\PC\.stmcufinder\plugins\mcufinder//mcu/
2564-03-22 22:18:36,859 [INFO] CrossReferenceDbSqlite:196 - Set database path to: C:\Users\PC\.stmcufinder\plugins\mcufinder//mcu/cs/
2564-03-22 22:18:36,863 [INFO] DbExamplesSqlite:690 - Set database path to: C:\Users\PC\.stmcufinder\plugins\mcufinder//mcu/
2564-03-22 22:18:37,011 [INFO] RulesReader:52 - Compatibility file has been processed (237 Rules)
2564-03-22 22:18:37,234 [INFO] MicroXplorer:622 - Detected Java Version = 11.0.9.1
2564-03-22 22:18:37,235 [INFO] DbMcusXml:74 - Set database path to: C:\ST\STM32CubeIDE_1.6.0\STM32CubeIDE\plugins\com.st.stm32cube.common.mx_6.2.0.202102191602\\db\/mcu/
2564-03-22 22:18:37,235 [INFO] DbBoardsPdsc:56 - Set plugin database path to: C:\ST\STM32CubeIDE_1.6.0\STM32CubeIDE\plugins\com.st.stm32cube.common.mx_6.2.0.202102191602\\db\/plugins/boardmanager/
2564-03-22 22:18:37,236 [INFO] DbMcus:258 - Set plugin images path to: C:\ST\STM32CubeIDE_1.6.0\STM32CubeIDE\plugins\com.st.stm32cube.common.mx_6.2.0.202102191602\\db\/plugins/mcufinder/images/
2564-03-22 22:18:37,236 [INFO] DbBoards:264 - Set plugin images path to: C:\ST\STM32CubeIDE_1.6.0\STM32CubeIDE\plugins\com.st.stm32cube.common.mx_6.2.0.202102191602\\db\/plugins/mcufinder/images/
2564-03-22 22:18:37,236 [INFO] DbExamples:333 - Set plugin images path to: C:\ST\STM32CubeIDE_1.6.0\STM32CubeIDE\plugins\com.st.stm32cube.common.mx_6.2.0.202102191602\\db\/plugins/mcufinder/images/
2564-03-22 22:18:37,236 [WARN] DbFile:35 - Overriding database path with different value: C:\Users\PC\.stmcufinder\plugins\mcufinder/ => C:\Users\PC\.stmcufinder\plugins\mcufinder
2564-03-22 22:18:37,236 [INFO] DbMcusAds:85 - Set database path to: C:\Users\PC\.stmcufinder\plugins\mcufinder//mcu/
2564-03-22 22:18:37,237 [WARN] DbFile:35 - Overriding database path with different value: C:\Users\PC\.stmcufinder\plugins\mcufinder/ => C:\Users\PC\.stmcufinder\plugins\mcufinder
2564-03-22 22:18:37,237 [INFO] DbMcusDocs:110 - Set database path to: C:\Users\PC\.stmcufinder\plugins\mcufinder//mcu/
2564-03-22 22:18:37,237 [WARN] DbFile:35 - Overriding database path with different value: C:\Users\PC\.stmcufinder\plugins\mcufinder/ => C:\Users\PC\.stmcufinder\plugins\mcufinder
2564-03-22 22:18:37,237 [INFO] DbMcusJson:65 - Set database path to: C:\Users\PC\.stmcufinder\plugins\mcufinder//mcu/
2564-03-22 22:18:37,237 [WARN] DbFile:35 - Overriding database path with different value: C:\Users\PC\.stmcufinder\plugins\mcufinder/ => C:\Users\PC\.stmcufinder\plugins\mcufinder
2564-03-22 22:18:37,237 [INFO] DbBoardsDocs:110 - Set database path to: C:\Users\PC\.stmcufinder\plugins\mcufinder//mcu/
2564-03-22 22:18:37,237 [WARN] DbFile:35 - Overriding database path with different value: C:\Users\PC\.stmcufinder\plugins\mcufinder/ => C:\Users\PC\.stmcufinder\plugins\mcufinder
2564-03-22 22:18:37,238 [INFO] DbBoardsJson:58 - Set database path to: C:\Users\PC\.stmcufinder\plugins\mcufinder//mcu/
2564-03-22 22:18:37,238 [WARN] DbFile:35 - Overriding database path with different value: C:\Users\PC\.stmcufinder\plugins\mcufinder/ => C:\Users\PC\.stmcufinder\plugins\mcufinder
2564-03-22 22:18:37,238 [WARN] DbFile:35 - Overriding database path with different value: C:\Users\PC\.stmcufinder\plugins\mcufinder/ => C:\Users\PC\.stmcufinder\plugins\mcufinder
2564-03-22 22:18:37,239 [INFO] CrossReferenceDbSqlite:196 - Set database path to: C:\Users\PC\.stmcufinder\plugins\mcufinder//mcu/cs/
2564-03-22 22:18:37,239 [WARN] DbFile:35 - Overriding database path with different value: C:\Users\PC\.stmcufinder\plugins\mcufinder/ => C:\Users\PC\.stmcufinder\plugins\mcufinder
2564-03-22 22:18:37,239 [INFO] DbExamplesSqlite:690 - Set database path to: C:\Users\PC\.stmcufinder\plugins\mcufinder//mcu/
2564-03-22 22:18:37,373 [INFO] MainPanel:204 - HeapMemory: 271581184
2564-03-22 22:18:37,488 [INFO] DbMcusXml:74 - Set database path to: C:\ST\STM32CubeIDE_1.6.0\STM32CubeIDE\plugins\com.st.stm32cube.common.mx_6.2.0.202102191602\\db\/mcu/
2564-03-22 22:18:37,488 [INFO] DbBoardsPdsc:56 - Set plugin database path to: C:\ST\STM32CubeIDE_1.6.0\STM32CubeIDE\plugins\com.st.stm32cube.common.mx_6.2.0.202102191602\\db\/plugins/boardmanager/
2564-03-22 22:18:37,488 [INFO] DbMcus:258 - Set plugin images path to: C:\ST\STM32CubeIDE_1.6.0\STM32CubeIDE\plugins\com.st.stm32cube.common.mx_6.2.0.202102191602\\db\/plugins/mcufinder/images/
2564-03-22 22:18:37,488 [INFO] DbBoards:264 - Set plugin images path to: C:\ST\STM32CubeIDE_1.6.0\STM32CubeIDE\plugins\com.st.stm32cube.common.mx_6.2.0.202102191602\\db\/plugins/mcufinder/images/
2564-03-22 22:18:37,489 [INFO] DbExamples:333 - Set plugin images path to: C:\ST\STM32CubeIDE_1.6.0\STM32CubeIDE\plugins\com.st.stm32cube.common.mx_6.2.0.202102191602\\db\/plugins/mcufinder/images/
2564-03-22 22:18:37,490 [WARN] DbFile:35 - Overriding database path with different value: C:\Users\PC\.stmcufinder\plugins\mcufinder/ => C:\Users\PC\.stmcufinder\plugins\mcufinder
2564-03-22 22:18:37,490 [INFO] DbMcusAds:85 - Set database path to: C:\Users\PC\.stmcufinder\plugins\mcufinder//mcu/
2564-03-22 22:18:37,490 [WARN] DbFile:35 - Overriding database path with different value: C:\Users\PC\.stmcufinder\plugins\mcufinder/ => C:\Users\PC\.stmcufinder\plugins\mcufinder
2564-03-22 22:18:37,490 [INFO] DbMcusDocs:110 - Set database path to: C:\Users\PC\.stmcufinder\plugins\mcufinder//mcu/
2564-03-22 22:18:37,490 [WARN] DbFile:35 - Overriding database path with different value: C:\Users\PC\.stmcufinder\plugins\mcufinder/ => C:\Users\PC\.stmcufinder\plugins\mcufinder
2564-03-22 22:18:37,490 [INFO] DbMcusJson:65 - Set database path to: C:\Users\PC\.stmcufinder\plugins\mcufinder//mcu/
2564-03-22 22:18:37,490 [WARN] DbFile:35 - Overriding database path with different value: C:\Users\PC\.stmcufinder\plugins\mcufinder/ => C:\Users\PC\.stmcufinder\plugins\mcufinder
2564-03-22 22:18:37,490 [INFO] DbBoardsDocs:110 - Set database path to: C:\Users\PC\.stmcufinder\plugins\mcufinder//mcu/
2564-03-22 22:18:37,491 [WARN] DbFile:35 - Overriding database path with different value: C:\Users\PC\.stmcufinder\plugins\mcufinder/ => C:\Users\PC\.stmcufinder\plugins\mcufinder
2564-03-22 22:18:37,491 [INFO] DbBoardsJson:58 - Set database path to: C:\Users\PC\.stmcufinder\plugins\mcufinder//mcu/
2564-03-22 22:18:37,491 [WARN] DbFile:35 - Overriding database path with different value: C:\Users\PC\.stmcufinder\plugins\mcufinder/ => C:\Users\PC\.stmcufinder\plugins\mcufinder
2564-03-22 22:18:37,491 [WARN] DbFile:35 - Overriding database path with different value: C:\Users\PC\.stmcufinder\plugins\mcufinder/ => C:\Users\PC\.stmcufinder\plugins\mcufinder
2564-03-22 22:18:37,491 [INFO] CrossReferenceDbSqlite:196 - Set database path to: C:\Users\PC\.stmcufinder\plugins\mcufinder//mcu/cs/
2564-03-22 22:18:37,491 [WARN] DbFile:35 - Overriding database path with different value: C:\Users\PC\.stmcufinder\plugins\mcufinder/ => C:\Users\PC\.stmcufinder\plugins\mcufinder
2564-03-22 22:18:37,491 [INFO] DbExamplesSqlite:690 - Set database path to: C:\Users\PC\.stmcufinder\plugins\mcufinder//mcu/
2564-03-22 22:18:37,521 [INFO] ApplicationProperties:181 - Using Application install path: C:\ST\STM32CubeIDE_1.6.0\STM32CubeIDE\plugins\com.st.stm32cube.common.mx_6.2.0.202102191602
2564-03-22 22:18:37,523 [INFO] PluginManage:178 - Search for loadable plugins [exclusion list=, ]
2564-03-22 22:18:37,525 [INFO] PluginManage:292 - Check plugin analytics
2564-03-22 22:18:37,783 [INFO] AnalyticsPlugin:233 - Accepted Software Licenses: STM32CubeMX.6.0.1
2564-03-22 22:18:37,784 [INFO] AnalyticsPlugin:235 - Accepted CMSIS Pack Licenses: 
2564-03-22 22:18:37,784 [INFO] AnalyticsPlugin:237 - Accepted Firmware Licenses: 
2564-03-22 22:18:37,784 [INFO] PluginManage:342 - Loaded plugin analytics (category:tool,tabindex:-1)
2564-03-22 22:18:37,785 [INFO] PluginManage:292 - Check plugin clock
2564-03-22 22:18:37,803 [INFO] PluginManage:342 - Loaded plugin clock (category:base,tabindex:2)
2564-03-22 22:18:37,804 [INFO] PluginManage:292 - Check plugin ddr
2564-03-22 22:18:37,808 [INFO] PluginManage:342 - Loaded plugin ddr (category:tool,tabindex:6)
2564-03-22 22:18:37,808 [INFO] PluginManage:292 - Check plugin filemanager
2564-03-22 22:18:37,978 [INFO] PluginManage:342 - Loaded plugin filemanager (category:base,tabindex:10)
2564-03-22 22:18:37,979 [INFO] PluginManage:292 - Check plugin ipmanager
2564-03-22 22:18:38,014 [INFO] PluginManage:342 - Loaded plugin ipmanager (category:base,tabindex:5)
2564-03-22 22:18:38,014 [INFO] PluginManage:292 - Check plugin pinoutandconfiguration
2564-03-22 22:18:38,030 [INFO] PluginManage:342 - Loaded plugin pinoutandconfiguration (category:base,tabindex:1)
2564-03-22 22:18:38,030 [INFO] PluginManage:292 - Check plugin pinoutconfig
2564-03-22 22:18:38,079 [INFO] PluginManage:342 - Loaded plugin pinoutconfig (category:base,tabindex:0)
2564-03-22 22:18:38,079 [INFO] PluginManage:292 - Check plugin power
2564-03-22 22:18:38,096 [INFO] PluginManage:342 - Loaded plugin power (category:power,tabindex:4)
2564-03-22 22:18:38,097 [INFO] PluginManage:292 - Check plugin projectmanager
2564-03-22 22:18:38,148 [INFO] PluginManage:342 - Loaded plugin projectmanager (category:projectmanager,tabindex:3)
2564-03-22 22:18:38,148 [INFO] PluginManage:292 - Check plugin thirdparty
2564-03-22 22:18:38,319 [INFO] PluginManage:342 - Loaded plugin thirdparty (category:base,tabindex:-1)
2564-03-22 22:18:38,319 [INFO] PluginManage:292 - Check plugin tools
2564-03-22 22:18:38,320 [WARN] IntegrityCheckThread:59 - waiting for thirdparty lock release [integrity check]
2564-03-22 22:18:38,320 [INFO] IntegrityCheckThread:61 - entering critical section [integrity check]
2564-03-22 22:18:38,321 [INFO] ThirdPartyUpdaterWithRetryManager:56 - Updater plugin not ready yet. [1/15]
2564-03-22 22:18:38,323 [INFO] PluginManage:342 - Loaded plugin tools (category:base,tabindex:7)
2564-03-22 22:18:38,323 [INFO] PluginManage:292 - Check plugin tutovideos
2564-03-22 22:18:38,654 [INFO] PluginManage:342 - Loaded plugin tutovideos (category:base,tabindex:-1)
2564-03-22 22:18:38,654 [INFO] PluginManage:292 - Check plugin updater
2564-03-22 22:18:38,674 [INFO] PluginManage:342 - Loaded plugin updater (category:base,tabindex:12)
2564-03-22 22:18:38,675 [INFO] PluginManage:265 - PluginManage : Loaded plugins [13]
2564-03-22 22:18:39,060 [INFO] PinOutPanel:1435 - setPackage(No Configuration,No Configuration)
2564-03-22 22:18:39,304 [INFO] IPUIPlugin:64 - create IPUIPlugin
2564-03-22 22:18:39,305 [INFO] PluginManager:203 - loadIPPluginJar : add adc
2564-03-22 22:18:39,309 [INFO] IPUIPlugin:64 - create IPUIPlugin
2564-03-22 22:18:39,309 [INFO] PluginManager:203 - loadIPPluginJar : add aes
2564-03-22 22:18:39,314 [INFO] IPUIPlugin:64 - create IPUIPlugin
2564-03-22 22:18:39,314 [INFO] PluginManager:203 - loadIPPluginJar : add can
2564-03-22 22:18:39,317 [INFO] IPUIPlugin:64 - create IPUIPlugin
2564-03-22 22:18:39,317 [INFO] PluginManager:203 - loadIPPluginJar : add comp
2564-03-22 22:18:39,321 [INFO] IPUIPlugin:64 - create IPUIPlugin
2564-03-22 22:18:39,321 [INFO] PluginManager:203 - loadIPPluginJar : add cryp
2564-03-22 22:18:39,327 [INFO] IPUIPlugin:64 - create IPUIPlugin
2564-03-22 22:18:39,327 [INFO] PluginManager:203 - loadIPPluginJar : add dfsdm
2564-03-22 22:18:39,335 [INFO] IPUIPlugin:64 - create IPUIPlugin
2564-03-22 22:18:39,336 [INFO] PluginManager:203 - loadIPPluginJar : add dma
2564-03-22 22:18:39,340 [INFO] IPUIPlugin:64 - create IPUIPlugin
2564-03-22 22:18:39,340 [INFO] PluginManager:203 - loadIPPluginJar : add fatfs
2564-03-22 22:18:39,347 [INFO] IPUIPlugin:64 - create IPUIPlugin
2564-03-22 22:18:39,347 [INFO] PluginManager:203 - loadIPPluginJar : add fmc
2564-03-22 22:18:39,356 [INFO] IPUIPlugin:64 - create IPUIPlugin
2564-03-22 22:18:39,357 [INFO] PluginManager:203 - loadIPPluginJar : add freertos
2564-03-22 22:18:39,359 [INFO] IPUIPlugin:64 - create IPUIPlugin
2564-03-22 22:18:39,360 [INFO] PluginManager:203 - loadIPPluginJar : add genericplugin
2564-03-22 22:18:39,363 [INFO] IPUIPlugin:64 - create IPUIPlugin
2564-03-22 22:18:39,363 [INFO] PluginManager:203 - loadIPPluginJar : add gfxmmu
2564-03-22 22:18:39,371 [INFO] IPUIPlugin:64 - create IPUIPlugin
2564-03-22 22:18:39,372 [INFO] PluginManager:203 - loadIPPluginJar : add gic
2564-03-22 22:18:39,379 [INFO] IPUIPlugin:64 - create IPUIPlugin
2564-03-22 22:18:39,379 [INFO] PluginManager:203 - loadIPPluginJar : add gpio
2564-03-22 22:18:39,384 [INFO] IPUIPlugin:64 - create IPUIPlugin
2564-03-22 22:18:39,384 [INFO] PluginManager:203 - loadIPPluginJar : add gtzc
2564-03-22 22:18:39,389 [INFO] IPUIPlugin:64 - create IPUIPlugin
2564-03-22 22:18:39,389 [INFO] PluginManager:203 - loadIPPluginJar : add hash
2564-03-22 22:18:39,393 [INFO] IPUIPlugin:64 - create IPUIPlugin
2564-03-22 22:18:39,393 [INFO] PluginManager:203 - loadIPPluginJar : add i2c
2564-03-22 22:18:39,397 [INFO] IPUIPlugin:64 - create IPUIPlugin
2564-03-22 22:18:39,397 [INFO] PluginManager:203 - loadIPPluginJar : add i2s
2564-03-22 22:18:39,402 [INFO] IPUIPlugin:64 - create IPUIPlugin
2564-03-22 22:18:39,402 [INFO] PluginManager:203 - loadIPPluginJar : add ipddr
2564-03-22 22:18:39,407 [INFO] IPUIPlugin:64 - create IPUIPlugin
2564-03-22 22:18:39,407 [INFO] PluginManager:203 - loadIPPluginJar : add lorawan
2564-03-22 22:18:39,409 [INFO] IPUIPlugin:64 - create IPUIPlugin
2564-03-22 22:18:39,410 [INFO] PluginManager:203 - loadIPPluginJar : add ltdc
2564-03-22 22:18:39,415 [INFO] IPUIPlugin:64 - create IPUIPlugin
2564-03-22 22:18:39,416 [INFO] PluginManager:203 - loadIPPluginJar : add mdma
2564-03-22 22:18:39,421 [INFO] IPUIPlugin:64 - create IPUIPlugin
2564-03-22 22:18:39,422 [INFO] PluginManager:203 - loadIPPluginJar : add nvic
2564-03-22 22:18:39,426 [INFO] IPUIPlugin:64 - create IPUIPlugin
2564-03-22 22:18:39,426 [INFO] PluginManager:203 - loadIPPluginJar : add opamp
2564-03-22 22:18:39,430 [INFO] IPUIPlugin:64 - create IPUIPlugin
2564-03-22 22:18:39,431 [INFO] PluginManager:203 - loadIPPluginJar : add openamp
2564-03-22 22:18:39,435 [INFO] IPUIPlugin:64 - create IPUIPlugin
2564-03-22 22:18:39,435 [INFO] PluginManager:203 - loadIPPluginJar : add pdm2pcm
2564-03-22 22:18:39,445 [INFO] IPUIPlugin:64 - create IPUIPlugin
2564-03-22 22:18:39,448 [INFO] PluginManager:203 - loadIPPluginJar : add plateformsettings
2564-03-22 22:18:39,451 [INFO] IPUIPlugin:64 - create IPUIPlugin
2564-03-22 22:18:39,452 [INFO] PluginManager:203 - loadIPPluginJar : add quadspi
2564-03-22 22:18:39,457 [INFO] IPUIPlugin:64 - create IPUIPlugin
2564-03-22 22:18:39,457 [INFO] PluginManager:203 - loadIPPluginJar : add resmgrutility
2564-03-22 22:18:39,462 [INFO] IPUIPlugin:64 - create IPUIPlugin
2564-03-22 22:18:39,462 [INFO] PluginManager:203 - loadIPPluginJar : add sai
2564-03-22 22:18:39,465 [INFO] IPUIPlugin:64 - create IPUIPlugin
2564-03-22 22:18:39,466 [INFO] PluginManager:203 - loadIPPluginJar : add spi
2564-03-22 22:18:39,473 [INFO] IPUIPlugin:64 - create IPUIPlugin
2564-03-22 22:18:39,473 [INFO] PluginManager:203 - loadIPPluginJar : add stm32_wpan
2564-03-22 22:18:39,476 [INFO] IPUIPlugin:64 - create IPUIPlugin
2564-03-22 22:18:39,476 [INFO] PluginManager:203 - loadIPPluginJar : add tim
2564-03-22 22:18:39,481 [INFO] IPUIPlugin:64 - create IPUIPlugin
2564-03-22 22:18:39,481 [INFO] PluginManager:203 - loadIPPluginJar : add touchsensing
2564-03-22 22:18:39,485 [INFO] IPUIPlugin:64 - create IPUIPlugin
2564-03-22 22:18:39,485 [INFO] PluginManager:203 - loadIPPluginJar : add tracer_emb
2564-03-22 22:18:39,489 [INFO] IPUIPlugin:64 - create IPUIPlugin
2564-03-22 22:18:39,489 [INFO] PluginManager:203 - loadIPPluginJar : add ts
2564-03-22 22:18:39,492 [INFO] IPUIPlugin:64 - create IPUIPlugin
2564-03-22 22:18:39,492 [INFO] PluginManager:203 - loadIPPluginJar : add tsc
2564-03-22 22:18:39,495 [INFO] IPUIPlugin:64 - create IPUIPlugin
2564-03-22 22:18:39,495 [INFO] PluginManager:203 - loadIPPluginJar : add ucpd
2564-03-22 22:18:39,500 [INFO] IPUIPlugin:64 - create IPUIPlugin
2564-03-22 22:18:39,500 [INFO] PluginManager:203 - loadIPPluginJar : add usart
2564-03-22 22:18:39,965 [FATAL] Updater:284 - Updater called before beeing initialized
2564-03-22 22:18:40,179 [FATAL] Updater:284 - Updater called before beeing initialized
2564-03-22 22:18:40,186 [INFO] DbMcusAds:132 - JSON generation date=Thu Feb 11 21:55:24 ICT 2021 (1613055324029)
2564-03-22 22:18:40,186 [FATAL] Updater:284 - Updater called before beeing initialized
2564-03-22 22:18:40,247 [WARN] DetailPanel:315 - Failed to get advertising image, set to default
2564-03-22 22:18:40,585 [FATAL] Updater:284 - Updater called before beeing initialized
2564-03-22 22:18:40,588 [FATAL] Updater:284 - Updater called before beeing initialized
2564-03-22 22:18:40,588 [FATAL] Updater:284 - Updater called before beeing initialized
2564-03-22 22:18:40,588 [WARN] DetailPanel:315 - Failed to get advertising image, set to default
2564-03-22 22:18:40,590 [FATAL] Updater:284 - Updater called before beeing initialized
2564-03-22 22:18:40,690 [FATAL] Updater:284 - Updater called before beeing initialized
2564-03-22 22:18:40,690 [WARN] ThirdParty:796 - waiting for thirdparty lock release [close project]
2564-03-22 22:18:41,329 [INFO] ThirdPartyUpdaterWithRetryManager:56 - Updater plugin not ready yet. [2/15]
2564-03-22 22:18:44,335 [FATAL] Updater:284 - Updater called before beeing initialized
2564-03-22 22:18:44,335 [ERROR] AbstractThirdPartyUpdaterManager:153 - class java.lang.Integer cannot be cast to class java.util.List (java.lang.Integer and java.util.List are in module java.base of loader 'bootstrap')
2564-03-22 22:18:44,335 [INFO] ThirdParty:900 - Integrity check success = false
2564-03-22 22:18:44,336 [INFO] IntegrityCheckThread:75 - exiting critical section [integrity check]
2564-03-22 22:18:44,336 [INFO] IntegrityCheckThread:78 - End integrity checks thread
2564-03-22 22:18:44,336 [INFO] ThirdParty:798 - entering critical section [close project]
2564-03-22 22:18:44,338 [INFO] ThirdParty:809 - exiting critical section [close project]
2564-03-22 22:18:44,343 [INFO] PinOutPanel:1435 - setPackage(No Configuration,No Configuration)
2564-03-22 22:18:44,343 [FATAL] Updater:284 - Updater called before beeing initialized
2564-03-22 22:18:44,364 [INFO] Updater:1002 - Updater Version found : 6.2.0
2564-03-22 22:18:44,391 [INFO] ApplicationProperties:181 - Using Application install path: C:\ST\STM32CubeIDE_1.6.0\STM32CubeIDE\plugins\com.st.stm32cube.common.mx_6.2.0.202102191602
2564-03-22 22:18:44,486 [INFO] MainUpdater:479 - Copy updater definitions from MX database
2564-03-22 22:18:44,595 [INFO] MainUpdater:2661 - connection check result : 10
2564-03-22 22:18:44,596 [INFO] MainUpdater:3349 - Updater definition file requires update
2564-03-22 22:18:44,597 [INFO] MainUpdater:255 - Updater Check For Update Now.
2564-03-22 22:18:44,597 [INFO] MicroXplorer:472 - Change Database Version : DB.6.0.20
2564-03-22 22:18:44,615 [INFO] ServerAccessManage:348 - Download File updaters.zip
2564-03-22 22:18:44,714 [INFO] FileExtend:225 - Unzip File : updaters.zip
2564-03-22 22:18:44,714 [INFO] FileExtend:240 - Standard Zip Deflate
2564-03-22 22:18:47,559 [INFO] ServerAccessManage:348 - Download File PacksControlFlags.xml
2564-03-22 22:18:47,630 [INFO] ServerAccessManage:348 - Download File cubemx.pidx
2564-03-22 22:18:47,792 [INFO] LoadServerUpdatesThread:329 - End of LoadServerUpdate Thread
2564-03-22 22:18:47,856 [INFO] CheckServerUpdateThread:102 - End of CheckServer Thread
2564-03-22 22:18:47,893 [INFO] MainUpdater:2661 - connection check result : 10
2564-03-22 22:18:48,568 [INFO] CrossSelectorPresenter:1330 - Cross Selector saved comparison directory: C:\Users\PC\.stmcufinder\plugins\mcufinder\mcu\cs_comparisons_mx
2564-03-22 22:18:48,577 [INFO] MultiScanPanel:200 - Auto-refresh data requested => check proxy status ongoing
2564-03-22 22:18:48,581 [INFO] FinderPluginLoader:87 - Searching for filters in installed packs
2564-03-22 22:18:48,583 [INFO] DbMcusXml:100 - Load MCU database from C:\ST\STM32CubeIDE_1.6.0\STM32CubeIDE\plugins\com.st.stm32cube.common.mx_6.2.0.202102191602\\db\/mcu/families.xml
2564-03-22 22:18:49,769 [INFO] DbMcusJson:94 - JSON generation date=Mon Feb 08 20:35:07 ICT 2021 (1612791307)
2564-03-22 22:18:50,803 [INFO] DbMcus:175 - Found 1906 MCUs (1866 are supported by CubeMX, 1866 are visible in CubeMX)
2564-03-22 22:18:50,805 [INFO] ApiDb:242 - User favorites file not found: C:\Users\PC/.stm32cubeide/favorites.mcus.txt
2564-03-22 22:18:50,805 [INFO] DbMcus:187 - Set 0 / 0 favorites MCUs
2564-03-22 22:18:51,580 [WARN] DetailPanel:315 - Failed to get advertising image, set to default
2564-03-22 22:18:52,241 [INFO] DbBoardsPdsc:90 - Found 24 items
2564-03-22 22:18:52,244 [INFO] DbBoardsPdsc:90 - Found 9 items
2564-03-22 22:18:52,250 [INFO] DbBoardsPdsc:90 - Found 33 items
2564-03-22 22:18:52,257 [INFO] DbBoardsPdsc:90 - Found 1 items
2564-03-22 22:18:52,266 [INFO] DbBoardsPdsc:90 - Found 46 items
2564-03-22 22:18:52,278 [INFO] DbBoardsPdsc:90 - Found 41 items
2564-03-22 22:18:52,280 [INFO] DbBoardsPdsc:90 - Found 2 items
2564-03-22 22:18:52,283 [INFO] DbBoardsPdsc:90 - Found 5 items
2564-03-22 22:18:52,290 [WARN] DbBoardsPdsc:254 - Board NUCLEO-WB15CC: unknown feature type=, name=, username=Three user LEDs, n=1
2564-03-22 22:18:52,290 [WARN] DbBoardsPdsc:254 - Board NUCLEO-WB15CC: unknown feature type=, name=, username=One reset and three user push-buttons, n=1
2564-03-22 22:18:52,290 [WARN] DbBoardsPdsc:254 - Board NUCLEO-WB15CC: unknown feature type=, name=, username=Arduino Uno V3 expansion connector, n=1
2564-03-22 22:18:52,290 [WARN] DbBoardsPdsc:254 - Board NUCLEO-WB15CC: unknown feature type=, name=, username=ST morpho extension pin headers for full access to all STM32WB I/Os, n=1
2564-03-22 22:18:52,290 [WARN] DbBoardsPdsc:254 - Board NUCLEO-WB15CC: unknown feature type=, name=, username=Integrated PCB antenna and SMA connector footprint, n=1
2564-03-22 22:18:52,290 [WARN] DbBoardsPdsc:254 - Board NUCLEO-WB15CC: unknown feature type=, name=, username=Flexible power-supply options: ST-LINK, USB VBUS, or external sources, n=1
2564-03-22 22:18:52,291 [WARN] DbBoardsPdsc:254 - Board NUCLEO-WB15CC: unknown feature type=, name=, username=On-board footprint to mount a CR2032 battery socket, n=1
2564-03-22 22:18:52,291 [WARN] DbBoardsPdsc:254 - Board NUCLEO-WB15CC: unknown feature type=, name=, username=On-board ST-LINK/V2-1 debugger/programmer with USB re-enumeration capability: mass storage, Virtual COM port, and debug port, n=1
2564-03-22 22:18:52,295 [WARN] DbBoardsPdsc:254 - Board NUCLEO-WB15CC: unknown feature type=, name=, username=Comprehensive free software libraries and examples available with the STM32CubeWB MCU Package, n=1
2564-03-22 22:18:52,295 [WARN] DbBoardsPdsc:254 - Board NUCLEO-WB15CC: unknown feature type=, name=, username=Support of a wide choice of Integrated Development Environments (IDEs) including IAR Embedded Workbench, MDK-ARM, STM32CubeIDE, and Mbed Studio, n=1
2564-03-22 22:18:52,300 [WARN] DbBoardsPdsc:254 - Board STM32H7B3I-DK: unknown feature type=Audio, name=, username=Audio stereo codec with Headphone Amp (CS42L51-CNZ), n=1
2564-03-22 22:18:52,301 [WARN] DbBoardsPdsc:254 - Board STM32H735G-DK: unknown feature type=Audio, name=, username=Audio stereo codec with Headphone Amp (WM8994ECS/R), n=1
2564-03-22 22:18:52,301 [WARN] DbBoardsPdsc:254 - Board STM32WB5MM-DK: unknown feature type=, name=, username=Time-of-Flight and gesture-detection sensor, n=1
2564-03-22 22:18:52,301 [WARN] DbBoardsPdsc:254 - Board STM32WB5MM-DK: unknown feature type=, name=, username=3 push-buttons (2 users and 1 reset) and 1 touch key button, n=1
2564-03-22 22:18:52,301 [WARN] DbBoardsPdsc:254 - Board STM32WB5MM-DK: unknown feature type=, name=, username=Flexible power-supply options: ST-LINK/V2-1 USB connector, 5 V delivered by ARDUINO® or external connector, USB charger, or USB power, n=1
2564-03-22 22:18:52,301 [WARN] DbBoardsPdsc:254 - Board STM32WB5MM-DK: unknown feature type=, name=, username=On-board ST-LINK/V2-1 debugger/programmer with USB re-enumeration capability: Virtual COM port and debug port, n=1
2564-03-22 22:18:52,301 [WARN] DbBoardsPdsc:254 - Board STM32WB5MM-DK: unknown feature type=, name=, username=Comprehensive free software libraries and examples available with the STM32CubeWB MCU Package, n=1
2564-03-22 22:18:52,302 [WARN] DbBoardsPdsc:254 - Board STM32WB5MM-DK: unknown feature type=, name=, username=Support of a wide choice of Integrated Development Environments (IDEs) including IAR Embedded Workbench®, MDK-ARM, and STM32CubeIDE, n=1
2564-03-22 22:18:52,305 [WARN] DbBoardsPdsc:254 - Board STM32H7B3I-EVAL: unknown feature type=Audio, name=, username=Multi-Channel Audio Codec (CS42L51-CNZ), n=1
2564-03-22 22:18:52,305 [WARN] DbBoardsPdsc:254 - Board STM32H7B3I-EVAL: unknown feature type=Meter, name=, username=Power-metering and Temperature-monitoring with sigma-delta modulators, n=1
2564-03-22 22:18:52,306 [WARN] DbBoardsPdsc:254 - Board STM32H7B3I-EVAL: unknown feature type=Motor, name=, username=Motor Control, n=1
2564-03-22 22:18:52,385 [INFO] DbBoardsJson:87 - JSON generation date=Thu Feb 04 23:53:45 ICT 2021 (1612457625)
2564-03-22 22:18:52,399 [INFO] DbBoards:117 - Found 161 boards (158 are supported by CubeMX)
2564-03-22 22:18:52,434 [INFO] DbBoardsDocs:143 - JSON generation date=Mon Feb 08 20:35:07 ICT 2021 (1612791307)
2564-03-22 22:18:52,510 [INFO] DbBoardsDocs:79 - Found 193 boards documents
2564-03-22 22:18:52,511 [WARN] DbBoards:127 - board B-L462E-CELL1 has no document id list !
2564-03-22 22:18:52,512 [WARN] DbBoards:127 - board B-L475E-IOT01A2 has no document id list !
2564-03-22 22:18:52,514 [WARN] DbBoards:127 - board NUCLEO-G0B1RE has no document id list !
2564-03-22 22:18:52,514 [WARN] DbBoards:127 - board NUCLEO-H743ZI2 has no document id list !
2564-03-22 22:18:52,516 [WARN] DbBoards:127 - board NUCLEO-L4A6ZG has no document id list !
2564-03-22 22:18:52,516 [WARN] DbBoards:127 - board NUCLEO-WB15CC has no document id list !
2564-03-22 22:18:52,517 [WARN] DbBoards:127 - board NUCLEO-WB55RG has no document id list !
2564-03-22 22:18:52,517 [WARN] DbBoards:127 - board NUCLEO-WL55JC2 has no document id list !
2564-03-22 22:18:52,517 [WARN] DbBoards:127 - board P-NUCLEO-WB55-Nucleo has no document id list !
2564-03-22 22:18:52,517 [WARN] DbBoards:127 - board P-NUCLEO-WB55-USBDongle has no document id list !
2564-03-22 22:18:52,517 [WARN] DbBoards:127 - board STEVAL-BFA001V1B has no document id list !
2564-03-22 22:18:52,517 [WARN] DbBoards:127 - board STEVAL-BFA001V2B has no document id list !
2564-03-22 22:18:52,517 [WARN] DbBoards:127 - board STEVAL-IDP005V1 has no document id list !
2564-03-22 22:18:52,517 [WARN] DbBoards:127 - board STEVAL-IDP005V2 has no document id list !
2564-03-22 22:18:52,517 [WARN] DbBoards:127 - board STEVAL-MKSBOX1V1 has no document id list !
2564-03-22 22:18:52,518 [WARN] DbBoards:127 - board STEVAL-STWINKT1 has no document id list !
2564-03-22 22:18:52,518 [WARN] DbBoards:127 - board STEVAL-STWINKT1B has no document id list !
2564-03-22 22:18:52,519 [WARN] DbBoards:127 - board STM32F401C-DISCO has no document id list !
2564-03-22 22:18:52,520 [WARN] DbBoards:127 - board STM32F769I-DISC1 has no document id list !
2564-03-22 22:18:52,521 [WARN] DbBoards:127 - board STM32G0C1E-EV has no document id list !
2564-03-22 22:18:52,522 [WARN] DbBoards:127 - board STM32G474E-EVAL1 has no document id list !
2564-03-22 22:18:52,522 [WARN] DbBoards:127 - board STM32H743I-EVAL2 has no document id list !
2564-03-22 22:18:52,522 [WARN] DbBoards:127 - board STM32H747I-DISC1 has no document id list !
2564-03-22 22:18:52,523 [WARN] DbBoards:127 - board STM32H753I-EVAL2 has no document id list !
2564-03-22 22:18:52,523 [WARN] DbBoards:127 - board STM32L-DISCOVERY has no document id list !
2564-03-22 22:18:52,524 [WARN] DbBoards:127 - board STM32MP157A-DK1 has no document id list !
2564-03-22 22:18:52,524 [WARN] DbBoards:127 - board STM32MP157F-DK2 has no document id list !
2564-03-22 22:18:52,524 [WARN] DbBoards:127 - board STM32MP157F-EV1 has no document id list !
2564-03-22 22:18:52,524 [WARN] DbBoards:127 - board STM32WB5MM-DK has no document id list !
2564-03-22 22:18:54,808 [INFO] ApiDb:242 - User favorites file not found: C:\Users\PC/.stm32cubeide/favorites.boards.txt
2564-03-22 22:18:54,808 [INFO] DbBoards:206 - Set 0 / 0 favorites Boards
2564-03-22 22:19:06,425 [INFO] MainUpdater:2661 - connection check result : 10
2564-03-22 22:19:06,426 [INFO] MainUpdater:2661 - connection check result : 10
2564-03-22 22:19:06,511 [INFO] MicroXplorer:442 - Change Database Path : 
2564-03-22 22:19:06,511 [INFO] MicroXplorer:472 - Change Database Version : DB.6.0.20
2564-03-22 22:19:06,511 [WARN] ThirdParty:796 - waiting for thirdparty lock release [close project]
2564-03-22 22:19:06,511 [INFO] ThirdParty:798 - entering critical section [close project]
2564-03-22 22:19:06,511 [INFO] ThirdParty:809 - exiting critical section [close project]
2564-03-22 22:19:06,515 [INFO] PinOutPanel:1435 - setPackage(No Configuration,No Configuration)
2564-03-22 22:19:06,516 [INFO] UtilMem:74 - Begin LoadConfig() Used Memory: 648608240 Bytes (721420288)
2564-03-22 22:19:08,987 [INFO] ServerAccessManage:348 - Download File stm32cube_db_v600.zip
2564-03-22 22:19:10,310 [INFO] FileExtend:225 - Unzip File : stm32cube_db_v600.zip
2564-03-22 22:19:10,311 [INFO] FileExtend:240 - Standard Zip Deflate
2564-03-22 22:20:00,724 [INFO] LoadServerPackagesThread:169 - End of LoadServerPackages Thread
2564-03-22 22:20:00,814 [INFO] CheckServerUpdateThread:102 - End of CheckServer Thread
2564-03-22 22:20:00,824 [INFO] MicroXplorer:442 - Change Database Path : C:/Users/PC/.stm32cubemx/databases/DB.6.0.0/db/
2564-03-22 22:20:00,824 [INFO] MicroXplorer:472 - Change Database Version : DB.6.0.0
2564-03-22 22:20:00,824 [INFO] OpenFileManager:303 - Change cursor
2564-03-22 22:20:00,857 [WARN] IntegrityCheckThread:59 - waiting for thirdparty lock release [integrity check]
2564-03-22 22:20:00,857 [INFO] IntegrityCheckThread:61 - entering critical section [integrity check]
2564-03-22 22:20:00,918 [INFO] ThirdParty:900 - Integrity check success = true
2564-03-22 22:20:00,918 [INFO] IntegrityCheckThread:75 - exiting critical section [integrity check]
2564-03-22 22:20:00,918 [INFO] IntegrityCheckThread:78 - End integrity checks thread
2564-03-22 22:20:04,371 [INFO] Context:587 - Trying to add GPIOservice into a context  which must be forbidden
2564-03-22 22:20:05,691 [INFO] RtosManager:470 - Registered RTOS mode: class=CMSIS, group=RTOS, mode=CMSIS_V1, owner=FREERTOS
2564-03-22 22:20:05,691 [INFO] RtosManager:470 - Registered RTOS mode: class=CMSIS, group=RTOS2, mode=CMSIS_V2, owner=FREERTOS
2564-03-22 22:20:05,692 [INFO] RtosManager:470 - Registered RTOS mode: class=RTOS, group=Core, mode=CMSIS_V1, owner=FREERTOS
2564-03-22 22:20:05,692 [INFO] RtosManager:470 - Registered RTOS mode: class=RTOS, group=Core, mode=CMSIS_V2, owner=FREERTOS
2564-03-22 22:20:05,692 [WARN] ModelIntegratedComponent:182 - Missing modes for component STMicroelectronics:FreeRTOS:0.0.1:STMicroelectronics:RTOS:FreeRTOS:Core:::10.2.0:
2564-03-22 22:20:05,696 [WARN] ModelIntegratedComponent:51 - No mode defined for component null
2564-03-22 22:20:05,696 [WARN] ModelIntegratedComponent:51 - No mode defined for component null
2564-03-22 22:20:05,696 [WARN] ModelIntegratedComponent:51 - No mode defined for component null
2564-03-22 22:20:05,696 [WARN] ModelIntegratedComponent:51 - No mode defined for component null
2564-03-22 22:20:05,696 [WARN] ModelIntegratedComponent:51 - No mode defined for component null
2564-03-22 22:20:05,697 [WARN] ModelIntegratedComponent:51 - No mode defined for component null
2564-03-22 22:20:05,697 [WARN] ModelIntegratedComponent:51 - No mode defined for component null
2564-03-22 22:20:05,697 [WARN] ModelIntegratedComponent:51 - No mode defined for component null
2564-03-22 22:20:05,697 [WARN] ModelIntegratedComponent:51 - No mode defined for component null
2564-03-22 22:20:05,697 [WARN] ModelIntegratedComponent:51 - No mode defined for component null
2564-03-22 22:20:05,697 [WARN] ModelIntegratedComponent:51 - No mode defined for component null
2564-03-22 22:20:05,697 [WARN] ModelIntegratedComponent:51 - No mode defined for component null
2564-03-22 22:20:05,697 [WARN] ModelIntegratedComponent:51 - No mode defined for component null
2564-03-22 22:20:05,698 [WARN] ModelIntegratedComponent:51 - No mode defined for component null
2564-03-22 22:20:05,698 [WARN] ModelIntegratedComponent:51 - No mode defined for component null
2564-03-22 22:20:05,698 [WARN] ModelIntegratedComponent:51 - No mode defined for component null
2564-03-22 22:20:05,698 [WARN] ModelIntegratedComponent:51 - No mode defined for component null
2564-03-22 22:20:05,698 [WARN] ModelIntegratedComponent:51 - No mode defined for component null
2564-03-22 22:20:05,698 [WARN] ModelIntegratedComponent:51 - No mode defined for component null
2564-03-22 22:20:05,698 [WARN] ModelIntegratedComponent:51 - No mode defined for component null
2564-03-22 22:20:05,698 [WARN] ModelIntegratedComponent:51 - No mode defined for component null
2564-03-22 22:20:05,698 [WARN] ModelIntegratedComponent:51 - No mode defined for component null
2564-03-22 22:20:05,699 [WARN] ModelIntegratedComponent:51 - No mode defined for component null
2564-03-22 22:20:05,699 [WARN] ModelIntegratedComponent:51 - No mode defined for component null
2564-03-22 22:20:05,699 [WARN] ModelIntegratedComponent:51 - No mode defined for component null
2564-03-22 22:20:05,699 [WARN] ModelIntegratedComponent:51 - No mode defined for component null
2564-03-22 22:20:05,699 [WARN] ModelIntegratedComponent:51 - No mode defined for component null
2564-03-22 22:20:05,717 [INFO] ImportTextPane:162 - (OptionalMessage_ERROR) IP (RCC) : Invalid parameter (FamilyName)
2564-03-22 22:20:05,722 [INFO] ImportTextPane:162 - (OptionalMessage_ERROR) IP (RCC) : Invalid parameter (TIM2Freq_Value)
2564-03-22 22:20:05,723 [INFO] ImportTextPane:162 - (OptionalMessage_ERROR) IP (RCC) : Parameter (USBFreq_Value) has invalid value (72000000)
2564-03-22 22:20:06,327 [INFO] UtilMem:74 - End LoadConfig() Used Memory: 546751344 Bytes (1073741824)
2564-03-22 22:20:06,330 [WARN] ThirdParty:762 - waiting for thirdparty lock release [change project]
2564-03-22 22:20:06,330 [INFO] ThirdParty:764 - entering critical section [change project]
2564-03-22 22:20:06,330 [INFO] ThirdParty:952 - CMSIS Pack Vendor :STMicroelectronics USB_HOST 2.0.0
2564-03-22 22:20:06,331 [INFO] ThirdParty:952 - CMSIS Pack Vendor :STMicroelectronics FreeRTOS 0.0.1
2564-03-22 22:20:06,331 [INFO] ThirdParty:952 - CMSIS Pack Vendor :STMicroelectronics USB_DEVICE 1.0.0
2564-03-22 22:20:06,331 [INFO] ThirdParty:952 - CMSIS Pack Vendor :STMicroelectronics USB_DEVICE 3.0.0
2564-03-22 22:20:06,331 [INFO] ThirdParty:952 - CMSIS Pack Vendor :STMicroelectronics HAL Drivers 0.0.0
2564-03-22 22:20:06,331 [INFO] ThirdParty:952 - CMSIS Pack Vendor :STMicroelectronics MBEDTLS 2.16.2
2564-03-22 22:20:06,331 [INFO] ThirdParty:952 - CMSIS Pack Vendor :STMicroelectronics lwIP 2.0.3
2564-03-22 22:20:06,331 [INFO] ThirdParty:952 - CMSIS Pack Vendor :STMicroelectronics lwIP 2.1.2
2564-03-22 22:20:06,331 [INFO] ThirdParty:952 - CMSIS Pack Vendor :STMicroelectronics MBEDTLS 2.14.1
2564-03-22 22:20:06,331 [INFO] ThirdParty:952 - CMSIS Pack Vendor :STMicroelectronics USB_HOST 1.0.0
2564-03-22 22:20:06,331 [INFO] ThirdParty:952 - CMSIS Pack Vendor :STMicroelectronics PDM2PCM 3.1.0
2564-03-22 22:20:06,332 [INFO] ThirdParty:952 - CMSIS Pack Vendor :STMicroelectronics PDM2PCM 3.2.0
2564-03-22 22:20:06,332 [INFO] ThirdParty:952 - CMSIS Pack Vendor :STMicroelectronics USB_DEVICE 2.0.0
2564-03-22 22:20:06,332 [INFO] ThirdParty:952 - CMSIS Pack Vendor :STMicroelectronics PDM2PCM 3.3.0
2564-03-22 22:20:06,332 [INFO] ThirdParty:770 - exiting critical section [change project]
2564-03-22 22:20:07,023 [INFO] PinOutPanel:1435 - setPackage(No Configuration,No Configuration)
2564-03-22 22:20:07,025 [INFO] PinOutPanel:1435 - setPackage(STM32F303VCTx,LQFP100)
2564-03-22 22:20:08,262 [INFO] UtilMem:74 - Before build in PCC Used Memory: 609944328 Bytes (1073741824)
2564-03-22 22:20:08,987 [INFO] SharedServices:72 - Folder for power plug-in: C:/Users/PC/.stm32cubemx/plugins/power
2564-03-22 22:20:09,048 [INFO] SharedServices:72 - Folder for power plug-in: C:/Users/PC/.stm32cubemx/plugins/power
2564-03-22 22:20:09,117 [INFO] SharedServices:72 - Folder for power plug-in: C:/Users/PC/.stm32cubemx/plugins/power
2564-03-22 22:20:09,125 [INFO] SharedServices:72 - Folder for power plug-in: C:/Users/PC/.stm32cubemx/plugins/power
2564-03-22 22:20:09,346 [INFO] UtilMem:74 - After build in PCC Used Memory: 696453896 Bytes (1073741824)
2564-03-22 22:20:09,379 [INFO] IPUIPlugin:64 - create IPUIPlugin
2564-03-22 22:20:09,379 [INFO] IPUIPlugin:64 - create IPUIPlugin
2564-03-22 22:20:09,379 [INFO] IPUIPlugin:64 - create IPUIPlugin
2564-03-22 22:20:09,379 [INFO] IPUIPlugin:64 - create IPUIPlugin
2564-03-22 22:20:09,379 [INFO] IPUIPlugin:64 - create IPUIPlugin
2564-03-22 22:20:09,380 [INFO] IPUIPlugin:64 - create IPUIPlugin
2564-03-22 22:20:09,380 [INFO] IPUIPlugin:64 - create IPUIPlugin
2564-03-22 22:20:09,380 [INFO] IPUIPlugin:64 - create IPUIPlugin
2564-03-22 22:20:09,380 [INFO] IPUIPlugin:64 - create IPUIPlugin
2564-03-22 22:20:09,380 [INFO] IPUIPlugin:64 - create IPUIPlugin
2564-03-22 22:20:09,380 [INFO] IPUIPlugin:64 - create IPUIPlugin
2564-03-22 22:20:09,380 [INFO] IPUIPlugin:64 - create IPUIPlugin
2564-03-22 22:20:09,381 [INFO] IPUIPlugin:64 - create IPUIPlugin
2564-03-22 22:20:09,381 [INFO] IPUIPlugin:64 - create IPUIPlugin
2564-03-22 22:20:09,381 [INFO] IPUIPlugin:64 - create IPUIPlugin
2564-03-22 22:20:09,381 [INFO] IPUIPlugin:64 - create IPUIPlugin
2564-03-22 22:20:09,382 [INFO] IPUIPlugin:64 - create IPUIPlugin
2564-03-22 22:20:09,382 [INFO] IPUIPlugin:64 - create IPUIPlugin
2564-03-22 22:20:09,382 [INFO] IPUIPlugin:64 - create IPUIPlugin
2564-03-22 22:20:09,382 [INFO] IPUIPlugin:64 - create IPUIPlugin
2564-03-22 22:20:09,383 [INFO] IPUIPlugin:64 - create IPUIPlugin
2564-03-22 22:20:09,383 [INFO] IPUIPlugin:64 - create IPUIPlugin
2564-03-22 22:20:09,383 [INFO] IPUIPlugin:64 - create IPUIPlugin
2564-03-22 22:20:09,384 [INFO] IPUIPlugin:64 - create IPUIPlugin
2564-03-22 22:20:09,384 [INFO] IPUIPlugin:64 - create IPUIPlugin
2564-03-22 22:20:09,385 [INFO] IPUIPlugin:64 - create IPUIPlugin
2564-03-22 22:20:09,385 [INFO] IPUIPlugin:64 - create IPUIPlugin
2564-03-22 22:20:09,386 [INFO] IPUIPlugin:64 - create IPUIPlugin
2564-03-22 22:20:09,386 [INFO] IPUIPlugin:64 - create IPUIPlugin
2564-03-22 22:20:09,387 [INFO] IPUIPlugin:64 - create IPUIPlugin
2564-03-22 22:20:09,388 [INFO] IPUIPlugin:64 - create IPUIPlugin
2564-03-22 22:20:09,388 [INFO] IPUIPlugin:64 - create IPUIPlugin
2564-03-22 22:20:09,389 [INFO] IPUIPlugin:64 - create IPUIPlugin
2564-03-22 22:20:09,389 [INFO] IPUIPlugin:64 - create IPUIPlugin
2564-03-22 22:20:09,390 [INFO] IPUIPlugin:64 - create IPUIPlugin
2564-03-22 22:20:09,391 [INFO] IPUIPlugin:64 - create IPUIPlugin
2564-03-22 22:20:09,392 [INFO] IPUIPlugin:64 - create IPUIPlugin
2564-03-22 22:20:09,392 [INFO] IPUIPlugin:64 - create IPUIPlugin
2564-03-22 22:20:09,393 [INFO] IPUIPlugin:64 - create IPUIPlugin
2564-03-22 22:20:09,393 [INFO] IPUIPlugin:64 - create IPUIPlugin
2564-03-22 22:20:09,394 [INFO] IPUIPlugin:64 - create IPUIPlugin
2564-03-22 22:20:09,395 [INFO] IPUIPlugin:64 - create IPUIPlugin
2564-03-22 22:20:09,395 [INFO] IPUIPlugin:64 - create IPUIPlugin
2564-03-22 22:20:09,396 [INFO] IPUIPlugin:64 - create IPUIPlugin
2564-03-22 22:20:09,397 [INFO] IPUIPlugin:64 - create IPUIPlugin
2564-03-22 22:20:09,398 [INFO] IPUIPlugin:64 - create IPUIPlugin
2564-03-22 22:20:09,399 [INFO] IPUIPlugin:64 - create IPUIPlugin
2564-03-22 22:20:09,400 [INFO] IPUIPlugin:64 - create IPUIPlugin
2564-03-22 22:20:09,401 [INFO] IPUIPlugin:64 - create IPUIPlugin
2564-03-22 22:20:09,402 [INFO] IPUIPlugin:64 - create IPUIPlugin
2564-03-22 22:20:09,403 [INFO] IPUIPlugin:64 - create IPUIPlugin
2564-03-22 22:20:09,404 [INFO] IPUIPlugin:64 - create IPUIPlugin
2564-03-22 22:20:09,404 [INFO] IPUIPlugin:64 - create IPUIPlugin
2564-03-22 22:20:09,406 [INFO] IPUIPlugin:64 - create IPUIPlugin
2564-03-22 22:20:09,407 [INFO] IPUIPlugin:64 - create IPUIPlugin
2564-03-22 22:20:09,438 [INFO] LogOutputStream:76 - [STDOUT_REDIRECT] toolchainItems.length=====1
2564-03-22 22:20:09,590 [INFO] OpenFileManager:323 - Restore cursor
2564-03-22 22:20:10,064 [INFO] UtilMem:74 - End SaveConfig() Used Memory: 804457224 Bytes (1073741824)
2564-03-22 22:20:10,150 [INFO] UtilMem:74 - End SaveConfig() Used Memory: 816513800 Bytes (1073741824)
2564-03-22 22:20:10,552 [INFO] BlockDiagram:2735 - set Specific Code input for plugin: TIM1_8F3
2564-03-22 22:20:10,552 [INFO] BlockDiagram:2735 - set Specific Code input for plugin: SYS
2564-03-22 22:20:10,552 [INFO] BlockDiagram:2735 - set Specific Code input for plugin: RCC
2564-03-22 22:20:10,552 [INFO] BlockDiagram:2735 - set Specific Code input for plugin: NVIC
2564-03-22 22:20:10,553 [INFO] BlockDiagram:2735 - set Specific Code input for plugin: GPIO
2564-03-22 22:20:10,555 [INFO] CodeGenerator:641 - code generatio: config db path: C:/Users/PC/.stm32cubemx/databases/DB.6.0.0/db/
2564-03-22 22:20:11,282 [INFO] CodeEngine:229 - oldGeneratedFile, G:\103C8\E62_LAB_03_LCD_Driver\STM32CubeIDE\E62_LAB_03_LCD_Driver\MXTmpFiles\license.tmp_save
2564-03-22 22:20:11,775 [INFO] CodeEngine:247 - Generated code: G:\103C8\E62_LAB_03_LCD_Driver\STM32CubeIDE\E62_LAB_03_LCD_Driver\MXTmpFiles\license.tmp
2564-03-22 22:20:12,040 [INFO] CodeEngine:229 - oldGeneratedFile, G:\103C8\E62_LAB_03_LCD_Driver\STM32CubeIDE\E62_LAB_03_LCD_Driver\MXTmpFiles\gpio.tmp_save
2564-03-22 22:20:12,170 [INFO] CodeEngine:247 - Generated code: G:\103C8\E62_LAB_03_LCD_Driver\STM32CubeIDE\E62_LAB_03_LCD_Driver\MXTmpFiles\gpio.tmp
2564-03-22 22:20:12,527 [INFO] LogOutputStream:76 - [STDOUT_REDIRECT] Command line
2564-03-22 22:20:12,570 [INFO] CodeEngine:229 - oldGeneratedFile, G:\103C8\E62_LAB_03_LCD_Driver\STM32CubeIDE\E62_LAB_03_LCD_Driver\Core\Src\stm32f3xx_it.c_save
2564-03-22 22:20:12,721 [INFO] CodeEngine:247 - Generated code: G:\103C8\E62_LAB_03_LCD_Driver\STM32CubeIDE\E62_LAB_03_LCD_Driver\Core\Src\stm32f3xx_it.c
2564-03-22 22:20:12,731 [INFO] CodeEngine:229 - oldGeneratedFile, G:\103C8\E62_LAB_03_LCD_Driver\STM32CubeIDE\E62_LAB_03_LCD_Driver\Core\Inc\stm32f3xx_it.h_save
2564-03-22 22:20:12,845 [INFO] CodeEngine:247 - Generated code: G:\103C8\E62_LAB_03_LCD_Driver\STM32CubeIDE\E62_LAB_03_LCD_Driver\Core\Inc\stm32f3xx_it.h
2564-03-22 22:20:12,900 [INFO] CodeEngine:229 - oldGeneratedFile, G:\103C8\E62_LAB_03_LCD_Driver\STM32CubeIDE\E62_LAB_03_LCD_Driver\Core\Src\stm32f3xx_hal_msp.c_save
2564-03-22 22:20:13,055 [INFO] CodeEngine:247 - Generated code: G:\103C8\E62_LAB_03_LCD_Driver\STM32CubeIDE\E62_LAB_03_LCD_Driver\Core\Src\stm32f3xx_hal_msp.c
2564-03-22 22:20:13,060 [INFO] CodeEngine:229 - oldGeneratedFile, G:\103C8\E62_LAB_03_LCD_Driver\STM32CubeIDE\E62_LAB_03_LCD_Driver\MXTmpFiles\system.tmp_save
2564-03-22 22:20:13,138 [INFO] CodeEngine:247 - Generated code: G:\103C8\E62_LAB_03_LCD_Driver\STM32CubeIDE\E62_LAB_03_LCD_Driver\MXTmpFiles\system.tmp
2564-03-22 22:20:13,176 [INFO] CodeEngine:229 - oldGeneratedFile, G:\103C8\E62_LAB_03_LCD_Driver\STM32CubeIDE\E62_LAB_03_LCD_Driver\Core\Inc\stm32f3xx_hal_conf.h_save
2564-03-22 22:20:13,281 [INFO] CodeEngine:247 - Generated code: G:\103C8\E62_LAB_03_LCD_Driver\STM32CubeIDE\E62_LAB_03_LCD_Driver\Core\Inc\stm32f3xx_hal_conf.h
2564-03-22 22:20:13,332 [WARN] IPConfigManager:2976 - IP not found : TIM
2564-03-22 22:20:13,333 [WARN] CodeGenerator:3191 - IP not found : null
2564-03-22 22:20:13,372 [INFO] CodeEngine:229 - oldGeneratedFile, G:\103C8\E62_LAB_03_LCD_Driver\STM32CubeIDE\E62_LAB_03_LCD_Driver\Core\Inc\main.h_save
2564-03-22 22:20:13,477 [INFO] CodeEngine:247 - Generated code: G:\103C8\E62_LAB_03_LCD_Driver\STM32CubeIDE\E62_LAB_03_LCD_Driver\Core\Inc\main.h
2564-03-22 22:20:13,489 [INFO] CodeEngine:229 - oldGeneratedFile, G:\103C8\E62_LAB_03_LCD_Driver\STM32CubeIDE\E62_LAB_03_LCD_Driver\Core\Src\main.c_save
2564-03-22 22:20:13,680 [INFO] CodeEngine:247 - Generated code: G:\103C8\E62_LAB_03_LCD_Driver\STM32CubeIDE\E62_LAB_03_LCD_Driver\Core\Src\main.c
2564-03-22 22:20:15,316 [INFO] ProjectBuilder:2460 - Time for Copy HAL[1] : 679mS.
2564-03-22 22:20:15,323 [INFO] ProjectBuilder:3418 - Project Generator version: 3.13.0-B3
2564-03-22 22:20:16,135 [INFO] ConfigFileManager:1242 - The Die is : DIE422
2564-03-22 22:20:16,150 [INFO] ApiDbMcu:458 - Load IP Config File for FATFS
2564-03-22 22:20:16,184 [INFO] ApiDbMcu:458 - Load IP Config File for FREERTOS
2564-03-22 22:20:16,405 [INFO] ApiDbMcu:458 - Load IP Config File for TOUCHSENSING
2564-03-22 22:20:16,442 [INFO] ApiDbMcu:458 - Load IP Config File for USB_DEVICE
2564-03-22 22:20:23,846 [INFO] ProjectBuilder:3584 - Time for Generating toolchain IDE Files: 8523mS.
2564-03-22 22:20:23,847 [INFO] ProjectBuilder:2339 - Time for Copy CMSIS : 0mS.
2564-03-22 22:20:23,849 [INFO] ProjectBuilder:2339 - Time for Copy CMSIS : 0mS.
2564-03-22 22:20:26,028 [INFO] ApiDb:276 - Save user favorites file C:\Users\PC/.stm32cubeide/favorites.mcus.txt: 0 item(s)
2564-03-22 22:20:26,029 [INFO] ApiDb:280 - User favorites MCUs=[]
2564-03-23 00:35:54,498 [INFO] Activator:170 - 


2564-03-23 00:35:54,501 [INFO] Activator:171 - !SESSION log4j initialized
